<?xml version="1.0" encoding="UTF-8"?>
<robot generator="Robot 3.0.4 (Python 3.7.0 on darwin)" generated="20181118 19:49:16.884">
<suite id="s1" name="Workshop 4" source="/Users/Julia/hackademy/workshop_4">
<suite id="s1-s1" name="Test Sign Up" source="/Users/Julia/hackademy/workshop_4/test_sign_up.robot">
<test id="s1-s1-t1" name="Register To Eshop">
<kw name="Open Browser" library="SeleniumLibrary" type="setup">
<doc>Opens a new browser instance to the given ``url``.</doc>
<arguments>
<arg>http://automationpractice.com/index.php</arg>
<arg>chrome</arg>
</arguments>
<msg timestamp="20181118 19:49:17.088" level="INFO">Opening browser 'chrome' to base url 'http://automationpractice.com/index.php'.</msg>
<status status="PASS" starttime="20181118 19:49:17.087" endtime="20181118 19:49:25.694"></status>
</kw>
<kw name="Click Link" library="SeleniumLibrary">
<doc>Clicks a link identified by ``locator``.</doc>
<arguments>
<arg>${link_login}</arg>
</arguments>
<msg timestamp="20181118 19:49:25.700" level="INFO">Clicking link 'class=login'.</msg>
<status status="PASS" starttime="20181118 19:49:25.696" endtime="20181118 19:49:27.723"></status>
</kw>
<kw name="Wait Until Page Contains Element" library="SeleniumLibrary">
<doc>Waits until element ``locator`` appears on current page.</doc>
<arguments>
<arg>${auth_tbox_email}</arg>
</arguments>
<status status="PASS" starttime="20181118 19:49:27.724" endtime="20181118 19:49:27.758"></status>
</kw>
<kw name="Input Text" library="SeleniumLibrary">
<doc>Types the given ``text`` into text field identified by ``locator``.</doc>
<arguments>
<arg>${auth_tbox_email}</arg>
<arg>hello@hellllo.com</arg>
</arguments>
<msg timestamp="20181118 19:49:27.759" level="INFO">Typing text 'hello@hellllo.com' into text field 'id=email_create'.</msg>
<status status="PASS" starttime="20181118 19:49:27.758" endtime="20181118 19:49:27.992"></status>
</kw>
<kw name="Click Button" library="SeleniumLibrary">
<doc>Clicks button identified by ``locator``.</doc>
<arguments>
<arg>${btn_create_account}</arg>
</arguments>
<msg timestamp="20181118 19:49:27.993" level="INFO">Clicking button 'id=SubmitCreate'.</msg>
<status status="PASS" starttime="20181118 19:49:27.992" endtime="20181118 19:49:28.099"></status>
</kw>
<kw name="Wait Until Page Contains Element" library="SeleniumLibrary">
<doc>Waits until element ``locator`` appears on current page.</doc>
<arguments>
<arg>${sup_radio_mrs}</arg>
</arguments>
<status status="PASS" starttime="20181118 19:49:28.099" endtime="20181118 19:49:29.639"></status>
</kw>
<kw name="Click Element" library="SeleniumLibrary">
<doc>Click element identified by ``locator``.</doc>
<arguments>
<arg>${sup_radio_mrs}</arg>
</arguments>
<msg timestamp="20181118 19:49:29.642" level="INFO">Clicking element 'id=id_gender2'.</msg>
<status status="PASS" starttime="20181118 19:49:29.641" endtime="20181118 19:49:29.721"></status>
</kw>
<kw name="Input Text" library="SeleniumLibrary">
<doc>Types the given ``text`` into text field identified by ``locator``.</doc>
<arguments>
<arg>${sup_tbox_first_name}</arg>
<arg>Hacker</arg>
</arguments>
<msg timestamp="20181118 19:49:29.722" level="INFO">Typing text 'Hacker' into text field 'id=customer_firstname'.</msg>
<status status="PASS" starttime="20181118 19:49:29.721" endtime="20181118 19:49:29.905"></status>
</kw>
<kw name="Input Text" library="SeleniumLibrary">
<doc>Types the given ``text`` into text field identified by ``locator``.</doc>
<arguments>
<arg>${sup_tbox_last_name}</arg>
<arg>School</arg>
</arguments>
<msg timestamp="20181118 19:49:29.907" level="INFO">Typing text 'School' into text field 'id=customer_lastname'.</msg>
<status status="PASS" starttime="20181118 19:49:29.905" endtime="20181118 19:49:30.056"></status>
</kw>
<kw name="Textfield Should Contain" library="SeleniumLibrary">
<doc>Verifies text field ``locator`` contains text ``expected``.</doc>
<arguments>
<arg>${sup_tbox_email}</arg>
<arg>hello@hellllo.com</arg>
</arguments>
<msg timestamp="20181118 19:49:30.104" level="INFO">Text field 'id=email' contains text 'hello@hellllo.com'.</msg>
<status status="PASS" starttime="20181118 19:49:30.057" endtime="20181118 19:49:30.104"></status>
</kw>
<kw name="Input Password" library="SeleniumLibrary">
<doc>Types the given password into text field identified by ``locator``.</doc>
<arguments>
<arg>${sup_pwd_password}</arg>
<arg>password</arg>
</arguments>
<msg timestamp="20181118 19:49:30.105" level="INFO">Typing password into text field 'id=passwd'.</msg>
<status status="PASS" starttime="20181118 19:49:30.104" endtime="20181118 19:49:30.370"></status>
</kw>
<kw name="Select From List By Index" library="SeleniumLibrary">
<doc>Selects options from selection list ``locator`` by ``indexes``.</doc>
<arguments>
<arg>${sup_dropdown_day}</arg>
<arg>26</arg>
</arguments>
<msg timestamp="20181118 19:49:30.372" level="INFO">Selecting options from selection list 'id=days' by index 26.</msg>
<status status="PASS" starttime="20181118 19:49:30.371" endtime="20181118 19:49:30.683"></status>
</kw>
<kw name="Select From List By Label" library="SeleniumLibrary">
<doc>Selects options from selection list ``locator`` by ``labels``.</doc>
<arguments>
<arg>${sup_dropdown_month}</arg>
<arg>March${SPACE}</arg>
</arguments>
<msg timestamp="20181118 19:49:30.684" level="INFO">Selecting options from selection list 'id=months' by label March .</msg>
<status status="PASS" starttime="20181118 19:49:30.683" endtime="20181118 19:49:30.832"></status>
</kw>
<kw name="Select From List By Value" library="SeleniumLibrary">
<doc>Selects options from selection list ``locator`` by ``values``.</doc>
<arguments>
<arg>${sup_dropdown_year}</arg>
<arg>2010</arg>
</arguments>
<msg timestamp="20181118 19:49:30.835" level="INFO">Selecting options from selection list 'id=years' by value 2010.</msg>
<status status="PASS" starttime="20181118 19:49:30.833" endtime="20181118 19:49:30.949"></status>
</kw>
<kw name="Select Checkbox" library="SeleniumLibrary">
<doc>Selects checkbox identified by ``locator``.</doc>
<arguments>
<arg>${sup_chck_newslettter}</arg>
</arguments>
<msg timestamp="20181118 19:49:30.950" level="INFO">Selecting checkbox 'id=newsletter'.</msg>
<status status="PASS" starttime="20181118 19:49:30.949" endtime="20181118 19:49:31.059"></status>
</kw>
<kw name="Capture Page Screenshot" library="SeleniumLibrary">
<doc>Takes screenshot of the current page and embeds it into log file.</doc>
<msg timestamp="20181118 19:49:31.321" level="INFO" html="yes">&lt;/td&gt;&lt;/tr&gt;&lt;tr&gt;&lt;td colspan="3"&gt;&lt;a href="selenium-screenshot-5.png"&gt;&lt;img src="selenium-screenshot-5.png" width="800px"&gt;&lt;/a&gt;</msg>
<status status="PASS" starttime="20181118 19:49:31.060" endtime="20181118 19:49:31.322"></status>
</kw>
<kw name="Close Browser" library="SeleniumLibrary" type="teardown">
<doc>Closes the current browser.</doc>
<status status="PASS" starttime="20181118 19:49:31.322" endtime="20181118 19:49:31.591"></status>
</kw>
<status status="PASS" starttime="20181118 19:49:17.085" endtime="20181118 19:49:31.592" critical="yes"></status>
</test>
<status status="PASS" starttime="20181118 19:49:16.949" endtime="20181118 19:49:31.595"></status>
</suite>
<status status="PASS" starttime="20181118 19:49:16.925" endtime="20181118 19:49:31.600"></status>
</suite>
<statistics>
<total>
<stat pass="1" fail="0">Critical Tests</stat>
<stat pass="1" fail="0">All Tests</stat>
</total>
<tag>
</tag>
<suite>
<stat pass="1" fail="0" id="s1" name="Workshop 4">Workshop 4</stat>
<stat pass="1" fail="0" id="s1-s1" name="Test Sign Up">Workshop 4.Test Sign Up</stat>
</suite>
</statistics>
<errors>
</errors>
</robot>
